ERROR - 2026-04-15 07:16:45 --> Error connecting to the database: mysqli_sql_exception: Access denied for user ''@'localhost' in /home/itu/Bureau/S4/SI/codeigniter4-framework-v4.7.2-0-gb3359be/codeigniter4-framework-b3359be/system/Database/MySQLi/Connection.php:201
Stack trace:
#0 /home/itu/Bureau/S4/SI/codeigniter4-framework-v4.7.2-0-gb3359be/codeigniter4-framework-b3359be/system/Database/MySQLi/Connection.php(201): mysqli->real_connect()
#1 /home/itu/Bureau/S4/SI/codeigniter4-framework-v4.7.2-0-gb3359be/codeigniter4-framework-b3359be/system/Database/BaseConnection.php(555): CodeIgniter\Database\MySQLi\Connection->connect()
#2 /home/itu/Bureau/S4/SI/codeigniter4-framework-v4.7.2-0-gb3359be/codeigniter4-framework-b3359be/system/Database/BaseConnection.php(795): CodeIgniter\Database\BaseConnection->initialize()
#3 /home/itu/Bureau/S4/SI/codeigniter4-framework-v4.7.2-0-gb3359be/codeigniter4-framework-b3359be/system/Database/BaseBuilder.php(1649): CodeIgniter\Database\BaseConnection->query()
#4 /home/itu/Bureau/S4/SI/codeigniter4-framework-v4.7.2-0-gb3359be/codeigniter4-framework-b3359be/system/Model.php(253): CodeIgniter\Database\BaseBuilder->get()
#5 /home/itu/Bureau/S4/SI/codeigniter4-framework-v4.7.2-0-gb3359be/codeigniter4-framework-b3359be/system/BaseModel.php(676): CodeIgniter\Model->doFindAll()
#6 /home/itu/Bureau/S4/SI/codeigniter4-framework-v4.7.2-0-gb3359be/codeigniter4-framework-b3359be/app/Controllers/Produit.php(16): CodeIgniter\BaseModel->findAll()
#7 /home/itu/Bureau/S4/SI/codeigniter4-framework-v4.7.2-0-gb3359be/codeigniter4-framework-b3359be/system/CodeIgniter.php(951): App\Controllers\Produit->index()
#8 /home/itu/Bureau/S4/SI/codeigniter4-framework-v4.7.2-0-gb3359be/codeigniter4-framework-b3359be/system/CodeIgniter.php(497): CodeIgniter\CodeIgniter->runController()
#9 /home/itu/Bureau/S4/SI/codeigniter4-framework-v4.7.2-0-gb3359be/codeigniter4-framework-b3359be/system/CodeIgniter.php(340): CodeIgniter\CodeIgniter->handleRequest()
#10 /home/itu/Bureau/S4/SI/codeigniter4-framework-v4.7.2-0-gb3359be/codeigniter4-framework-b3359be/system/Boot.php(417): CodeIgniter\CodeIgniter->run()
#11 /home/itu/Bureau/S4/SI/codeigniter4-framework-v4.7.2-0-gb3359be/codeigniter4-framework-b3359be/system/Boot.php(68): CodeIgniter\Boot::runCodeIgniter()
#12 /home/itu/Bureau/S4/SI/codeigniter4-framework-v4.7.2-0-gb3359be/codeigniter4-framework-b3359be/public/index.php(59): CodeIgniter\Boot::bootWeb()
#13 {main}

Next CodeIgniter\Database\Exceptions\DatabaseException: Access denied for user ''@'localhost' in /home/itu/Bureau/S4/SI/codeigniter4-framework-v4.7.2-0-gb3359be/codeigniter4-framework-b3359be/system/Database/MySQLi/Connection.php:231
Stack trace:
#0 /home/itu/Bureau/S4/SI/codeigniter4-framework-v4.7.2-0-gb3359be/codeigniter4-framework-b3359be/system/Database/BaseConnection.php(555): CodeIgniter\Database\MySQLi\Connection->connect()
#1 /home/itu/Bureau/S4/SI/codeigniter4-framework-v4.7.2-0-gb3359be/codeigniter4-framework-b3359be/system/Database/BaseConnection.php(795): CodeIgniter\Database\BaseConnection->initialize()
#2 /home/itu/Bureau/S4/SI/codeigniter4-framework-v4.7.2-0-gb3359be/codeigniter4-framework-b3359be/system/Database/BaseBuilder.php(1649): CodeIgniter\Database\BaseConnection->query()
#3 /home/itu/Bureau/S4/SI/codeigniter4-framework-v4.7.2-0-gb3359be/codeigniter4-framework-b3359be/system/Model.php(253): CodeIgniter\Database\BaseBuilder->get()
#4 /home/itu/Bureau/S4/SI/codeigniter4-framework-v4.7.2-0-gb3359be/codeigniter4-framework-b3359be/system/BaseModel.php(676): CodeIgniter\Model->doFindAll()
#5 /home/itu/Bureau/S4/SI/codeigniter4-framework-v4.7.2-0-gb3359be/codeigniter4-framework-b3359be/app/Controllers/Produit.php(16): CodeIgniter\BaseModel->findAll()
#6 /home/itu/Bureau/S4/SI/codeigniter4-framework-v4.7.2-0-gb3359be/codeigniter4-framework-b3359be/system/CodeIgniter.php(951): App\Controllers\Produit->index()
#7 /home/itu/Bureau/S4/SI/codeigniter4-framework-v4.7.2-0-gb3359be/codeigniter4-framework-b3359be/system/CodeIgniter.php(497): CodeIgniter\CodeIgniter->runController()
#8 /home/itu/Bureau/S4/SI/codeigniter4-framework-v4.7.2-0-gb3359be/codeigniter4-framework-b3359be/system/CodeIgniter.php(340): CodeIgniter\CodeIgniter->handleRequest()
#9 /home/itu/Bureau/S4/SI/codeigniter4-framework-v4.7.2-0-gb3359be/codeigniter4-framework-b3359be/system/Boot.php(417): CodeIgniter\CodeIgniter->run()
#10 /home/itu/Bureau/S4/SI/codeigniter4-framework-v4.7.2-0-gb3359be/codeigniter4-framework-b3359be/system/Boot.php(68): CodeIgniter\Boot::runCodeIgniter()
#11 /home/itu/Bureau/S4/SI/codeigniter4-framework-v4.7.2-0-gb3359be/codeigniter4-framework-b3359be/public/index.php(59): CodeIgniter\Boot::bootWeb()
#12 {main}
CRITICAL - 2026-04-15 07:16:45 --> CodeIgniter\Database\Exceptions\DatabaseException: Unable to connect to the database.
Main connection [MySQLi]: Access denied for user ''@'localhost'
[Method: GET, Route: produits]
in SYSTEMPATH/Database/BaseConnection.php on line 606.
 1 SYSTEMPATH/Database/BaseConnection.php(795): CodeIgniter\Database\BaseConnection->initialize()
 2 SYSTEMPATH/Database/BaseBuilder.php(1649): CodeIgniter\Database\BaseConnection->query()
 3 SYSTEMPATH/Model.php(253): CodeIgniter\Database\BaseBuilder->get()
 4 SYSTEMPATH/BaseModel.php(676): CodeIgniter\Model->doFindAll()
 5 APPPATH/Controllers/Produit.php(16): CodeIgniter\BaseModel->findAll()
 6 SYSTEMPATH/CodeIgniter.php(951): App\Controllers\Produit->index()
 7 SYSTEMPATH/CodeIgniter.php(497): CodeIgniter\CodeIgniter->runController()
 8 SYSTEMPATH/CodeIgniter.php(340): CodeIgniter\CodeIgniter->handleRequest()
 9 SYSTEMPATH/Boot.php(417): CodeIgniter\CodeIgniter->run()
10 SYSTEMPATH/Boot.php(68): CodeIgniter\Boot::runCodeIgniter()
11 FCPATH/index.php(59): CodeIgniter\Boot::bootWeb()
CRITICAL - 2026-04-15 07:43:32 --> ErrorException: Undefined variable $datas
[Method: GET, Route: produits]
in APPPATH/Views/index_produit.php on line 12.
 1 APPPATH/Views/index_produit.php(12): CodeIgniter\Debug\Exceptions->errorHandler()
 2 SYSTEMPATH/View/View.php(240): include('/home/itu/Bureau/S4/SI/codeigniter4-framework-v4.7.2-0-gb3359be/codeigniter4-framework-b3359be/app/Views/index_produit.php')
 3 SYSTEMPATH/View/View.php(243): CodeIgniter\View\View->CodeIgniter\View\{closure}()
 4 SYSTEMPATH/Common.php(1250): CodeIgniter\View\View->render()
 5 APPPATH/Controllers/Produit.php(21): view()
 6 SYSTEMPATH/CodeIgniter.php(951): App\Controllers\Produit->index()
 7 SYSTEMPATH/CodeIgniter.php(497): CodeIgniter\CodeIgniter->runController()
 8 SYSTEMPATH/CodeIgniter.php(340): CodeIgniter\CodeIgniter->handleRequest()
 9 SYSTEMPATH/Boot.php(417): CodeIgniter\CodeIgniter->run()
10 SYSTEMPATH/Boot.php(68): CodeIgniter\Boot::runCodeIgniter()
11 FCPATH/index.php(59): CodeIgniter\Boot::bootWeb()
CRITICAL - 2026-04-15 07:43:48 --> ErrorException: Undefined variable $datas
[Method: GET, Route: produits]
in APPPATH/Views/index_produit.php on line 12.
 1 APPPATH/Views/index_produit.php(12): CodeIgniter\Debug\Exceptions->errorHandler()
 2 SYSTEMPATH/View/View.php(240): include('/home/itu/Bureau/S4/SI/codeigniter4-framework-v4.7.2-0-gb3359be/codeigniter4-framework-b3359be/app/Views/index_produit.php')
 3 SYSTEMPATH/View/View.php(243): CodeIgniter\View\View->CodeIgniter\View\{closure}()
 4 SYSTEMPATH/Common.php(1250): CodeIgniter\View\View->render()
 5 APPPATH/Controllers/Produit.php(21): view()
 6 SYSTEMPATH/CodeIgniter.php(951): App\Controllers\Produit->index()
 7 SYSTEMPATH/CodeIgniter.php(497): CodeIgniter\CodeIgniter->runController()
 8 SYSTEMPATH/CodeIgniter.php(340): CodeIgniter\CodeIgniter->handleRequest()
 9 SYSTEMPATH/Boot.php(417): CodeIgniter\CodeIgniter->run()
10 SYSTEMPATH/Boot.php(68): CodeIgniter\Boot::runCodeIgniter()
11 FCPATH/index.php(59): CodeIgniter\Boot::bootWeb()
CRITICAL - 2026-04-15 07:45:51 --> ErrorException: Undefined variable $datas
[Method: GET, Route: produits]
in APPPATH/Views/index_produit.php on line 12.
 1 APPPATH/Views/index_produit.php(12): CodeIgniter\Debug\Exceptions->errorHandler()
 2 SYSTEMPATH/View/View.php(240): include('/home/itu/Bureau/S4/SI/codeigniter4-framework-v4.7.2-0-gb3359be/codeigniter4-framework-b3359be/app/Views/index_produit.php')
 3 SYSTEMPATH/View/View.php(243): CodeIgniter\View\View->CodeIgniter\View\{closure}()
 4 SYSTEMPATH/Common.php(1250): CodeIgniter\View\View->render()
 5 APPPATH/Controllers/Produit.php(21): view()
 6 SYSTEMPATH/CodeIgniter.php(951): App\Controllers\Produit->index()
 7 SYSTEMPATH/CodeIgniter.php(497): CodeIgniter\CodeIgniter->runController()
 8 SYSTEMPATH/CodeIgniter.php(340): CodeIgniter\CodeIgniter->handleRequest()
 9 SYSTEMPATH/Boot.php(417): CodeIgniter\CodeIgniter->run()
10 SYSTEMPATH/Boot.php(68): CodeIgniter\Boot::runCodeIgniter()
11 FCPATH/index.php(59): CodeIgniter\Boot::bootWeb()
CRITICAL - 2026-04-15 07:49:29 --> ErrorException: Undefined variable $datas
[Method: GET, Route: produits]
in APPPATH/Views/index_produit.php on line 5.
 1 APPPATH/Views/index_produit.php(5): CodeIgniter\Debug\Exceptions->errorHandler()
 2 SYSTEMPATH/View/View.php(240): include('/home/itu/Bureau/S4/SI/codeigniter4-framework-v4.7.2-0-gb3359be/codeigniter4-framework-b3359be/app/Views/index_produit.php')
 3 SYSTEMPATH/View/View.php(243): CodeIgniter\View\View->CodeIgniter\View\{closure}()
 4 SYSTEMPATH/Common.php(1250): CodeIgniter\View\View->render()
 5 APPPATH/Controllers/Produit.php(21): view()
 6 SYSTEMPATH/CodeIgniter.php(951): App\Controllers\Produit->index()
 7 SYSTEMPATH/CodeIgniter.php(497): CodeIgniter\CodeIgniter->runController()
 8 SYSTEMPATH/CodeIgniter.php(340): CodeIgniter\CodeIgniter->handleRequest()
 9 SYSTEMPATH/Boot.php(417): CodeIgniter\CodeIgniter->run()
10 SYSTEMPATH/Boot.php(68): CodeIgniter\Boot::runCodeIgniter()
11 FCPATH/index.php(59): CodeIgniter\Boot::bootWeb()
CRITICAL - 2026-04-15 07:58:20 --> ErrorException: Undefined variable $nom
[Method: GET, Route: produits]
in APPPATH/Views/index_produit.php on line 12.
 1 APPPATH/Views/index_produit.php(12): CodeIgniter\Debug\Exceptions->errorHandler()
 2 SYSTEMPATH/View/View.php(240): include('/home/itu/Bureau/S4/SI/codeigniter4-framework-v4.7.2-0-gb3359be/codeigniter4-framework-b3359be/app/Views/index_produit.php')
 3 SYSTEMPATH/View/View.php(243): CodeIgniter\View\View->CodeIgniter\View\{closure}()
 4 SYSTEMPATH/Common.php(1250): CodeIgniter\View\View->render()
 5 APPPATH/Controllers/Produit.php(24): view()
 6 SYSTEMPATH/CodeIgniter.php(951): App\Controllers\Produit->index()
 7 SYSTEMPATH/CodeIgniter.php(497): CodeIgniter\CodeIgniter->runController()
 8 SYSTEMPATH/CodeIgniter.php(340): CodeIgniter\CodeIgniter->handleRequest()
 9 SYSTEMPATH/Boot.php(417): CodeIgniter\CodeIgniter->run()
10 SYSTEMPATH/Boot.php(68): CodeIgniter\Boot::runCodeIgniter()
11 FCPATH/index.php(59): CodeIgniter\Boot::bootWeb()
ERROR - 2026-04-15 08:47:07 --> Error connecting to the database: mysqli_sql_exception: No such file or directory in /home/itu/Bureau/S4/SI/codeigniter4-framework-v4.7.2-0-gb3359be/codeigniter4-framework-b3359be/system/Database/MySQLi/Connection.php:201
Stack trace:
#0 /home/itu/Bureau/S4/SI/codeigniter4-framework-v4.7.2-0-gb3359be/codeigniter4-framework-b3359be/system/Database/MySQLi/Connection.php(201): mysqli->real_connect()
#1 /home/itu/Bureau/S4/SI/codeigniter4-framework-v4.7.2-0-gb3359be/codeigniter4-framework-b3359be/system/Database/BaseConnection.php(555): CodeIgniter\Database\MySQLi\Connection->connect()
#2 /home/itu/Bureau/S4/SI/codeigniter4-framework-v4.7.2-0-gb3359be/codeigniter4-framework-b3359be/system/Database/BaseConnection.php(795): CodeIgniter\Database\BaseConnection->initialize()
#3 /home/itu/Bureau/S4/SI/codeigniter4-framework-v4.7.2-0-gb3359be/codeigniter4-framework-b3359be/system/Database/BaseBuilder.php(1649): CodeIgniter\Database\BaseConnection->query()
#4 /home/itu/Bureau/S4/SI/codeigniter4-framework-v4.7.2-0-gb3359be/codeigniter4-framework-b3359be/system/Model.php(253): CodeIgniter\Database\BaseBuilder->get()
#5 /home/itu/Bureau/S4/SI/codeigniter4-framework-v4.7.2-0-gb3359be/codeigniter4-framework-b3359be/system/BaseModel.php(676): CodeIgniter\Model->doFindAll()
#6 /home/itu/Bureau/S4/SI/codeigniter4-framework-v4.7.2-0-gb3359be/codeigniter4-framework-b3359be/app/Controllers/Etudiant.php(9): CodeIgniter\BaseModel->findAll()
#7 /home/itu/Bureau/S4/SI/codeigniter4-framework-v4.7.2-0-gb3359be/codeigniter4-framework-b3359be/system/CodeIgniter.php(951): App\Controllers\Etudiant->index()
#8 /home/itu/Bureau/S4/SI/codeigniter4-framework-v4.7.2-0-gb3359be/codeigniter4-framework-b3359be/system/CodeIgniter.php(497): CodeIgniter\CodeIgniter->runController()
#9 /home/itu/Bureau/S4/SI/codeigniter4-framework-v4.7.2-0-gb3359be/codeigniter4-framework-b3359be/system/CodeIgniter.php(340): CodeIgniter\CodeIgniter->handleRequest()
#10 /home/itu/Bureau/S4/SI/codeigniter4-framework-v4.7.2-0-gb3359be/codeigniter4-framework-b3359be/system/Boot.php(417): CodeIgniter\CodeIgniter->run()
#11 /home/itu/Bureau/S4/SI/codeigniter4-framework-v4.7.2-0-gb3359be/codeigniter4-framework-b3359be/system/Boot.php(68): CodeIgniter\Boot::runCodeIgniter()
#12 /home/itu/Bureau/S4/SI/codeigniter4-framework-v4.7.2-0-gb3359be/codeigniter4-framework-b3359be/public/index.php(59): CodeIgniter\Boot::bootWeb()
#13 {main}

Next CodeIgniter\Database\Exceptions\DatabaseException: No such file or directory in /home/itu/Bureau/S4/SI/codeigniter4-framework-v4.7.2-0-gb3359be/codeigniter4-framework-b3359be/system/Database/MySQLi/Connection.php:231
Stack trace:
#0 /home/itu/Bureau/S4/SI/codeigniter4-framework-v4.7.2-0-gb3359be/codeigniter4-framework-b3359be/system/Database/BaseConnection.php(555): CodeIgniter\Database\MySQLi\Connection->connect()
#1 /home/itu/Bureau/S4/SI/codeigniter4-framework-v4.7.2-0-gb3359be/codeigniter4-framework-b3359be/system/Database/BaseConnection.php(795): CodeIgniter\Database\BaseConnection->initialize()
#2 /home/itu/Bureau/S4/SI/codeigniter4-framework-v4.7.2-0-gb3359be/codeigniter4-framework-b3359be/system/Database/BaseBuilder.php(1649): CodeIgniter\Database\BaseConnection->query()
#3 /home/itu/Bureau/S4/SI/codeigniter4-framework-v4.7.2-0-gb3359be/codeigniter4-framework-b3359be/system/Model.php(253): CodeIgniter\Database\BaseBuilder->get()
#4 /home/itu/Bureau/S4/SI/codeigniter4-framework-v4.7.2-0-gb3359be/codeigniter4-framework-b3359be/system/BaseModel.php(676): CodeIgniter\Model->doFindAll()
#5 /home/itu/Bureau/S4/SI/codeigniter4-framework-v4.7.2-0-gb3359be/codeigniter4-framework-b3359be/app/Controllers/Etudiant.php(9): CodeIgniter\BaseModel->findAll()
#6 /home/itu/Bureau/S4/SI/codeigniter4-framework-v4.7.2-0-gb3359be/codeigniter4-framework-b3359be/system/CodeIgniter.php(951): App\Controllers\Etudiant->index()
#7 /home/itu/Bureau/S4/SI/codeigniter4-framework-v4.7.2-0-gb3359be/codeigniter4-framework-b3359be/system/CodeIgniter.php(497): CodeIgniter\CodeIgniter->runController()
#8 /home/itu/Bureau/S4/SI/codeigniter4-framework-v4.7.2-0-gb3359be/codeigniter4-framework-b3359be/system/CodeIgniter.php(340): CodeIgniter\CodeIgniter->handleRequest()
#9 /home/itu/Bureau/S4/SI/codeigniter4-framework-v4.7.2-0-gb3359be/codeigniter4-framework-b3359be/system/Boot.php(417): CodeIgniter\CodeIgniter->run()
#10 /home/itu/Bureau/S4/SI/codeigniter4-framework-v4.7.2-0-gb3359be/codeigniter4-framework-b3359be/system/Boot.php(68): CodeIgniter\Boot::runCodeIgniter()
#11 /home/itu/Bureau/S4/SI/codeigniter4-framework-v4.7.2-0-gb3359be/codeigniter4-framework-b3359be/public/index.php(59): CodeIgniter\Boot::bootWeb()
#12 {main}
CRITICAL - 2026-04-15 08:47:07 --> CodeIgniter\Database\Exceptions\DatabaseException: Unable to connect to the database.
Main connection [MySQLi]: No such file or directory
[Method: GET, Route: etudiants]
in SYSTEMPATH/Database/BaseConnection.php on line 606.
 1 SYSTEMPATH/Database/BaseConnection.php(795): CodeIgniter\Database\BaseConnection->initialize()
 2 SYSTEMPATH/Database/BaseBuilder.php(1649): CodeIgniter\Database\BaseConnection->query()
 3 SYSTEMPATH/Model.php(253): CodeIgniter\Database\BaseBuilder->get()
 4 SYSTEMPATH/BaseModel.php(676): CodeIgniter\Model->doFindAll()
 5 APPPATH/Controllers/Etudiant.php(9): CodeIgniter\BaseModel->findAll()
 6 SYSTEMPATH/CodeIgniter.php(951): App\Controllers\Etudiant->index()
 7 SYSTEMPATH/CodeIgniter.php(497): CodeIgniter\CodeIgniter->runController()
 8 SYSTEMPATH/CodeIgniter.php(340): CodeIgniter\CodeIgniter->handleRequest()
 9 SYSTEMPATH/Boot.php(417): CodeIgniter\CodeIgniter->run()
10 SYSTEMPATH/Boot.php(68): CodeIgniter\Boot::runCodeIgniter()
11 FCPATH/index.php(59): CodeIgniter\Boot::bootWeb()
ERROR - 2026-04-15 10:27:24 --> Table 'etudiant.produits' doesn't exist
in SYSTEMPATH/Database/MySQLi/Connection.php on line 300.
 1 SYSTEMPATH/Database/MySQLi/Connection.php(300): mysqli->query()
 2 SYSTEMPATH/Database/BaseConnection.php(910): CodeIgniter\Database\MySQLi\Connection->execute()
 3 SYSTEMPATH/Database/BaseConnection.php(827): CodeIgniter\Database\BaseConnection->simpleQuery()
 4 SYSTEMPATH/Database/BaseBuilder.php(1649): CodeIgniter\Database\BaseConnection->query()
 5 SYSTEMPATH/Model.php(253): CodeIgniter\Database\BaseBuilder->get()
 6 SYSTEMPATH/BaseModel.php(676): CodeIgniter\Model->doFindAll()
 7 APPPATH/Controllers/Etudiant.php(9): CodeIgniter\BaseModel->findAll()
 8 SYSTEMPATH/CodeIgniter.php(951): App\Controllers\Etudiant->index()
 9 SYSTEMPATH/CodeIgniter.php(497): CodeIgniter\CodeIgniter->runController()
10 SYSTEMPATH/CodeIgniter.php(340): CodeIgniter\CodeIgniter->handleRequest()
11 SYSTEMPATH/Boot.php(417): CodeIgniter\CodeIgniter->run()
12 SYSTEMPATH/Boot.php(68): CodeIgniter\Boot::runCodeIgniter()
13 FCPATH/index.php(59): CodeIgniter\Boot::bootWeb()
CRITICAL - 2026-04-15 10:27:24 --> CodeIgniter\Database\Exceptions\DatabaseException: Table 'etudiant.produits' doesn't exist
[Method: GET, Route: etudiants]
in SYSTEMPATH/Database/BaseConnection.php on line 865.
 1 SYSTEMPATH/Database/BaseBuilder.php(1649): CodeIgniter\Database\BaseConnection->query()
 2 SYSTEMPATH/Model.php(253): CodeIgniter\Database\BaseBuilder->get()
 3 SYSTEMPATH/BaseModel.php(676): CodeIgniter\Model->doFindAll()
 4 APPPATH/Controllers/Etudiant.php(9): CodeIgniter\BaseModel->findAll()
 5 SYSTEMPATH/CodeIgniter.php(951): App\Controllers\Etudiant->index()
 6 SYSTEMPATH/CodeIgniter.php(497): CodeIgniter\CodeIgniter->runController()
 7 SYSTEMPATH/CodeIgniter.php(340): CodeIgniter\CodeIgniter->handleRequest()
 8 SYSTEMPATH/Boot.php(417): CodeIgniter\CodeIgniter->run()
 9 SYSTEMPATH/Boot.php(68): CodeIgniter\Boot::runCodeIgniter()
10 FCPATH/index.php(59): CodeIgniter\Boot::bootWeb()
CRITICAL - 2026-04-15 10:27:24 --> [Caused by] CodeIgniter\Database\Exceptions\DatabaseException: Table 'etudiant.produits' doesn't exist
in SYSTEMPATH/Database/MySQLi/Connection.php on line 310.
 1 SYSTEMPATH/Database/BaseConnection.php(910): CodeIgniter\Database\MySQLi\Connection->execute()
 2 SYSTEMPATH/Database/BaseConnection.php(827): CodeIgniter\Database\BaseConnection->simpleQuery()
 3 SYSTEMPATH/Database/BaseBuilder.php(1649): CodeIgniter\Database\BaseConnection->query()
 4 SYSTEMPATH/Model.php(253): CodeIgniter\Database\BaseBuilder->get()
 5 SYSTEMPATH/BaseModel.php(676): CodeIgniter\Model->doFindAll()
 6 APPPATH/Controllers/Etudiant.php(9): CodeIgniter\BaseModel->findAll()
 7 SYSTEMPATH/CodeIgniter.php(951): App\Controllers\Etudiant->index()
 8 SYSTEMPATH/CodeIgniter.php(497): CodeIgniter\CodeIgniter->runController()
 9 SYSTEMPATH/CodeIgniter.php(340): CodeIgniter\CodeIgniter->handleRequest()
10 SYSTEMPATH/Boot.php(417): CodeIgniter\CodeIgniter->run()
11 SYSTEMPATH/Boot.php(68): CodeIgniter\Boot::runCodeIgniter()
12 FCPATH/index.php(59): CodeIgniter\Boot::bootWeb()
CRITICAL - 2026-04-15 10:27:24 --> [Caused by] mysqli_sql_exception: Table 'etudiant.produits' doesn't exist
in SYSTEMPATH/Database/MySQLi/Connection.php on line 300.
 1 SYSTEMPATH/Database/MySQLi/Connection.php(300): mysqli->query()
 2 SYSTEMPATH/Database/BaseConnection.php(910): CodeIgniter\Database\MySQLi\Connection->execute()
 3 SYSTEMPATH/Database/BaseConnection.php(827): CodeIgniter\Database\BaseConnection->simpleQuery()
 4 SYSTEMPATH/Database/BaseBuilder.php(1649): CodeIgniter\Database\BaseConnection->query()
 5 SYSTEMPATH/Model.php(253): CodeIgniter\Database\BaseBuilder->get()
 6 SYSTEMPATH/BaseModel.php(676): CodeIgniter\Model->doFindAll()
 7 APPPATH/Controllers/Etudiant.php(9): CodeIgniter\BaseModel->findAll()
 8 SYSTEMPATH/CodeIgniter.php(951): App\Controllers\Etudiant->index()
 9 SYSTEMPATH/CodeIgniter.php(497): CodeIgniter\CodeIgniter->runController()
10 SYSTEMPATH/CodeIgniter.php(340): CodeIgniter\CodeIgniter->handleRequest()
11 SYSTEMPATH/Boot.php(417): CodeIgniter\CodeIgniter->run()
12 SYSTEMPATH/Boot.php(68): CodeIgniter\Boot::runCodeIgniter()
13 FCPATH/index.php(59): CodeIgniter\Boot::bootWeb()
CRITICAL - 2026-04-15 10:31:48 --> ErrorException: Undefined variable $liste
[Method: GET, Route: etudiants]
in APPPATH/Views/index_etudiant.php on line 11.
 1 APPPATH/Views/index_etudiant.php(11): CodeIgniter\Debug\Exceptions->errorHandler()
 2 SYSTEMPATH/View/View.php(240): include('/home/itu/Bureau/S4/SI/codeigniter4-framework-v4.7.2-0-gb3359be/codeigniter4-framework-b3359be/app/Views/index_etudiant.php')
 3 SYSTEMPATH/View/View.php(243): CodeIgniter\View\View->CodeIgniter\View\{closure}()
 4 SYSTEMPATH/Common.php(1250): CodeIgniter\View\View->render()
 5 APPPATH/Controllers/Etudiant.php(10): view()
 6 SYSTEMPATH/CodeIgniter.php(951): App\Controllers\Etudiant->index()
 7 SYSTEMPATH/CodeIgniter.php(497): CodeIgniter\CodeIgniter->runController()
 8 SYSTEMPATH/CodeIgniter.php(340): CodeIgniter\CodeIgniter->handleRequest()
 9 SYSTEMPATH/Boot.php(417): CodeIgniter\CodeIgniter->run()
10 SYSTEMPATH/Boot.php(68): CodeIgniter\Boot::runCodeIgniter()
11 FCPATH/index.php(59): CodeIgniter\Boot::bootWeb()
CRITICAL - 2026-04-15 10:32:22 --> ErrorException: Undefined array key "etu"
[Method: GET, Route: etudiants]
in APPPATH/Views/index_etudiant.php on line 13.
 1 APPPATH/Views/index_etudiant.php(13): CodeIgniter\Debug\Exceptions->errorHandler()
 2 SYSTEMPATH/View/View.php(240): include('/home/itu/Bureau/S4/SI/codeigniter4-framework-v4.7.2-0-gb3359be/codeigniter4-framework-b3359be/app/Views/index_etudiant.php')
 3 SYSTEMPATH/View/View.php(243): CodeIgniter\View\View->CodeIgniter\View\{closure}()
 4 SYSTEMPATH/Common.php(1250): CodeIgniter\View\View->render()
 5 APPPATH/Controllers/Etudiant.php(10): view()
 6 SYSTEMPATH/CodeIgniter.php(951): App\Controllers\Etudiant->index()
 7 SYSTEMPATH/CodeIgniter.php(497): CodeIgniter\CodeIgniter->runController()
 8 SYSTEMPATH/CodeIgniter.php(340): CodeIgniter\CodeIgniter->handleRequest()
 9 SYSTEMPATH/Boot.php(417): CodeIgniter\CodeIgniter->run()
10 SYSTEMPATH/Boot.php(68): CodeIgniter\Boot::runCodeIgniter()
11 FCPATH/index.php(59): CodeIgniter\Boot::bootWeb()
CRITICAL - 2026-04-15 10:33:45 --> ErrorException: Undefined variable $etud
[Method: GET, Route: etudiants]
in APPPATH/Views/index_etudiant.php on line 14.
 1 APPPATH/Views/index_etudiant.php(14): CodeIgniter\Debug\Exceptions->errorHandler()
 2 SYSTEMPATH/View/View.php(240): include('/home/itu/Bureau/S4/SI/codeigniter4-framework-v4.7.2-0-gb3359be/codeigniter4-framework-b3359be/app/Views/index_etudiant.php')
 3 SYSTEMPATH/View/View.php(243): CodeIgniter\View\View->CodeIgniter\View\{closure}()
 4 SYSTEMPATH/Common.php(1250): CodeIgniter\View\View->render()
 5 APPPATH/Controllers/Etudiant.php(10): view()
 6 SYSTEMPATH/CodeIgniter.php(951): App\Controllers\Etudiant->index()
 7 SYSTEMPATH/CodeIgniter.php(497): CodeIgniter\CodeIgniter->runController()
 8 SYSTEMPATH/CodeIgniter.php(340): CodeIgniter\CodeIgniter->handleRequest()
 9 SYSTEMPATH/Boot.php(417): CodeIgniter\CodeIgniter->run()
10 SYSTEMPATH/Boot.php(68): CodeIgniter\Boot::runCodeIgniter()
11 FCPATH/index.php(59): CodeIgniter\Boot::bootWeb()
CRITICAL - 2026-04-15 10:34:39 --> ErrorException: Array to string conversion
[Method: GET, Route: etudiants]
in APPPATH/Views/index_etudiant.php on line 13.
 1 APPPATH/Views/index_etudiant.php(13): CodeIgniter\Debug\Exceptions->errorHandler()
 2 SYSTEMPATH/View/View.php(240): include('/home/itu/Bureau/S4/SI/codeigniter4-framework-v4.7.2-0-gb3359be/codeigniter4-framework-b3359be/app/Views/index_etudiant.php')
 3 SYSTEMPATH/View/View.php(243): CodeIgniter\View\View->CodeIgniter\View\{closure}()
 4 SYSTEMPATH/Common.php(1250): CodeIgniter\View\View->render()
 5 APPPATH/Controllers/Etudiant.php(10): view()
 6 SYSTEMPATH/CodeIgniter.php(951): App\Controllers\Etudiant->index()
 7 SYSTEMPATH/CodeIgniter.php(497): CodeIgniter\CodeIgniter->runController()
 8 SYSTEMPATH/CodeIgniter.php(340): CodeIgniter\CodeIgniter->handleRequest()
 9 SYSTEMPATH/Boot.php(417): CodeIgniter\CodeIgniter->run()
10 SYSTEMPATH/Boot.php(68): CodeIgniter\Boot::runCodeIgniter()
11 FCPATH/index.php(59): CodeIgniter\Boot::bootWeb()
CRITICAL - 2026-04-15 10:35:03 --> ErrorException: Undefined array key "etu"
[Method: GET, Route: etudiants]
in APPPATH/Views/index_etudiant.php on line 13.
 1 APPPATH/Views/index_etudiant.php(13): CodeIgniter\Debug\Exceptions->errorHandler()
 2 SYSTEMPATH/View/View.php(240): include('/home/itu/Bureau/S4/SI/codeigniter4-framework-v4.7.2-0-gb3359be/codeigniter4-framework-b3359be/app/Views/index_etudiant.php')
 3 SYSTEMPATH/View/View.php(243): CodeIgniter\View\View->CodeIgniter\View\{closure}()
 4 SYSTEMPATH/Common.php(1250): CodeIgniter\View\View->render()
 5 APPPATH/Controllers/Etudiant.php(10): view()
 6 SYSTEMPATH/CodeIgniter.php(951): App\Controllers\Etudiant->index()
 7 SYSTEMPATH/CodeIgniter.php(497): CodeIgniter\CodeIgniter->runController()
 8 SYSTEMPATH/CodeIgniter.php(340): CodeIgniter\CodeIgniter->handleRequest()
 9 SYSTEMPATH/Boot.php(417): CodeIgniter\CodeIgniter->run()
10 SYSTEMPATH/Boot.php(68): CodeIgniter\Boot::runCodeIgniter()
11 FCPATH/index.php(59): CodeIgniter\Boot::bootWeb()
CRITICAL - 2026-04-15 10:35:33 --> ErrorException: Undefined array key "etu"
[Method: GET, Route: etudiants]
in APPPATH/Views/index_etudiant.php on line 13.
 1 APPPATH/Views/index_etudiant.php(13): CodeIgniter\Debug\Exceptions->errorHandler()
 2 SYSTEMPATH/View/View.php(240): include('/home/itu/Bureau/S4/SI/codeigniter4-framework-v4.7.2-0-gb3359be/codeigniter4-framework-b3359be/app/Views/index_etudiant.php')
 3 SYSTEMPATH/View/View.php(243): CodeIgniter\View\View->CodeIgniter\View\{closure}()
 4 SYSTEMPATH/Common.php(1250): CodeIgniter\View\View->render()
 5 APPPATH/Controllers/Etudiant.php(10): view()
 6 SYSTEMPATH/CodeIgniter.php(951): App\Controllers\Etudiant->index()
 7 SYSTEMPATH/CodeIgniter.php(497): CodeIgniter\CodeIgniter->runController()
 8 SYSTEMPATH/CodeIgniter.php(340): CodeIgniter\CodeIgniter->handleRequest()
 9 SYSTEMPATH/Boot.php(417): CodeIgniter\CodeIgniter->run()
10 SYSTEMPATH/Boot.php(68): CodeIgniter\Boot::runCodeIgniter()
11 FCPATH/index.php(59): CodeIgniter\Boot::bootWeb()
CRITICAL - 2026-04-15 10:41:05 --> ErrorException: Undefined array key "etu"
[Method: GET, Route: etudiants]
in APPPATH/Views/index_etudiant.php on line 13.
 1 APPPATH/Views/index_etudiant.php(13): CodeIgniter\Debug\Exceptions->errorHandler()
 2 SYSTEMPATH/View/View.php(240): include('/home/itu/Bureau/S4/SI/codeigniter4-framework-v4.7.2-0-gb3359be/codeigniter4-framework-b3359be/app/Views/index_etudiant.php')
 3 SYSTEMPATH/View/View.php(243): CodeIgniter\View\View->CodeIgniter\View\{closure}()
 4 SYSTEMPATH/Common.php(1250): CodeIgniter\View\View->render()
 5 APPPATH/Controllers/Etudiant.php(10): view()
 6 SYSTEMPATH/CodeIgniter.php(951): App\Controllers\Etudiant->index()
 7 SYSTEMPATH/CodeIgniter.php(497): CodeIgniter\CodeIgniter->runController()
 8 SYSTEMPATH/CodeIgniter.php(340): CodeIgniter\CodeIgniter->handleRequest()
 9 SYSTEMPATH/Boot.php(417): CodeIgniter\CodeIgniter->run()
10 SYSTEMPATH/Boot.php(68): CodeIgniter\Boot::runCodeIgniter()
11 FCPATH/index.php(59): CodeIgniter\Boot::bootWeb()
CRITICAL - 2026-04-15 10:46:26 --> ErrorException: Undefined array key 0
[Method: GET, Route: etudiants]
in APPPATH/Views/index_etudiant.php on line 11.
 1 APPPATH/Views/index_etudiant.php(11): CodeIgniter\Debug\Exceptions->errorHandler()
 2 SYSTEMPATH/View/View.php(240): include('/home/itu/Bureau/S4/SI/codeigniter4-framework-v4.7.2-0-gb3359be/codeigniter4-framework-b3359be/app/Views/index_etudiant.php')
 3 SYSTEMPATH/View/View.php(243): CodeIgniter\View\View->CodeIgniter\View\{closure}()
 4 SYSTEMPATH/Common.php(1250): CodeIgniter\View\View->render()
 5 APPPATH/Controllers/Etudiant.php(10): view()
 6 SYSTEMPATH/CodeIgniter.php(951): App\Controllers\Etudiant->index()
 7 SYSTEMPATH/CodeIgniter.php(497): CodeIgniter\CodeIgniter->runController()
 8 SYSTEMPATH/CodeIgniter.php(340): CodeIgniter\CodeIgniter->handleRequest()
 9 SYSTEMPATH/Boot.php(417): CodeIgniter\CodeIgniter->run()
10 SYSTEMPATH/Boot.php(68): CodeIgniter\Boot::runCodeIgniter()
11 FCPATH/index.php(59): CodeIgniter\Boot::bootWeb()
CRITICAL - 2026-04-15 10:47:10 --> ErrorException: Undefined array key "id"
[Method: GET, Route: etudiants]
in APPPATH/Views/index_etudiant.php on line 12.
 1 APPPATH/Views/index_etudiant.php(12): CodeIgniter\Debug\Exceptions->errorHandler()
 2 SYSTEMPATH/View/View.php(240): include('/home/itu/Bureau/S4/SI/codeigniter4-framework-v4.7.2-0-gb3359be/codeigniter4-framework-b3359be/app/Views/index_etudiant.php')
 3 SYSTEMPATH/View/View.php(243): CodeIgniter\View\View->CodeIgniter\View\{closure}()
 4 SYSTEMPATH/Common.php(1250): CodeIgniter\View\View->render()
 5 APPPATH/Controllers/Etudiant.php(10): view()
 6 SYSTEMPATH/CodeIgniter.php(951): App\Controllers\Etudiant->index()
 7 SYSTEMPATH/CodeIgniter.php(497): CodeIgniter\CodeIgniter->runController()
 8 SYSTEMPATH/CodeIgniter.php(340): CodeIgniter\CodeIgniter->handleRequest()
 9 SYSTEMPATH/Boot.php(417): CodeIgniter\CodeIgniter->run()
10 SYSTEMPATH/Boot.php(68): CodeIgniter\Boot::runCodeIgniter()
11 FCPATH/index.php(59): CodeIgniter\Boot::bootWeb()
CRITICAL - 2026-04-15 10:47:16 --> ErrorException: Undefined array key "nom"
[Method: GET, Route: etudiants]
in APPPATH/Views/index_etudiant.php on line 12.
 1 APPPATH/Views/index_etudiant.php(12): CodeIgniter\Debug\Exceptions->errorHandler()
 2 SYSTEMPATH/View/View.php(240): include('/home/itu/Bureau/S4/SI/codeigniter4-framework-v4.7.2-0-gb3359be/codeigniter4-framework-b3359be/app/Views/index_etudiant.php')
 3 SYSTEMPATH/View/View.php(243): CodeIgniter\View\View->CodeIgniter\View\{closure}()
 4 SYSTEMPATH/Common.php(1250): CodeIgniter\View\View->render()
 5 APPPATH/Controllers/Etudiant.php(10): view()
 6 SYSTEMPATH/CodeIgniter.php(951): App\Controllers\Etudiant->index()
 7 SYSTEMPATH/CodeIgniter.php(497): CodeIgniter\CodeIgniter->runController()
 8 SYSTEMPATH/CodeIgniter.php(340): CodeIgniter\CodeIgniter->handleRequest()
 9 SYSTEMPATH/Boot.php(417): CodeIgniter\CodeIgniter->run()
10 SYSTEMPATH/Boot.php(68): CodeIgniter\Boot::runCodeIgniter()
11 FCPATH/index.php(59): CodeIgniter\Boot::bootWeb()
CRITICAL - 2026-04-15 10:50:12 --> ErrorException: Undefined array key "etu"
[Method: GET, Route: etudiants]
in APPPATH/Views/index_etudiant.php on line 14.
 1 APPPATH/Views/index_etudiant.php(14): CodeIgniter\Debug\Exceptions->errorHandler()
 2 SYSTEMPATH/View/View.php(240): include('/home/itu/Bureau/S4/SI/codeigniter4-framework-v4.7.2-0-gb3359be/codeigniter4-framework-b3359be/app/Views/index_etudiant.php')
 3 SYSTEMPATH/View/View.php(243): CodeIgniter\View\View->CodeIgniter\View\{closure}()
 4 SYSTEMPATH/Common.php(1250): CodeIgniter\View\View->render()
 5 APPPATH/Controllers/Etudiant.php(10): view()
 6 SYSTEMPATH/CodeIgniter.php(951): App\Controllers\Etudiant->index()
 7 SYSTEMPATH/CodeIgniter.php(497): CodeIgniter\CodeIgniter->runController()
 8 SYSTEMPATH/CodeIgniter.php(340): CodeIgniter\CodeIgniter->handleRequest()
 9 SYSTEMPATH/Boot.php(417): CodeIgniter\CodeIgniter->run()
10 SYSTEMPATH/Boot.php(68): CodeIgniter\Boot::runCodeIgniter()
11 FCPATH/index.php(59): CodeIgniter\Boot::bootWeb()
