ERROR - 2026-04-29 08:50:34 --> Error connecting to the database: mysqli_sql_exception: Unknown database 'etudiant' in /home/nomena/Documents/S4/SI/tp_matiere/Matiere/system/Database/MySQLi/Connection.php:201
Stack trace:
#0 /home/nomena/Documents/S4/SI/tp_matiere/Matiere/system/Database/MySQLi/Connection.php(201): mysqli->real_connect()
#1 /home/nomena/Documents/S4/SI/tp_matiere/Matiere/system/Database/BaseConnection.php(555): CodeIgniter\Database\MySQLi\Connection->connect()
#2 /home/nomena/Documents/S4/SI/tp_matiere/Matiere/system/Database/BaseConnection.php(795): CodeIgniter\Database\BaseConnection->initialize()
#3 /home/nomena/Documents/S4/SI/tp_matiere/Matiere/system/Database/BaseBuilder.php(1649): CodeIgniter\Database\BaseConnection->query()
#4 /home/nomena/Documents/S4/SI/tp_matiere/Matiere/app/Models/NoteModel.php(43): CodeIgniter\Database\BaseBuilder->get()
#5 /home/nomena/Documents/S4/SI/tp_matiere/Matiere/app/Controllers/NoteController.php(11): App\Models\NoteModel->getNoteBySemestreByOption()
#6 /home/nomena/Documents/S4/SI/tp_matiere/Matiere/system/CodeIgniter.php(951): App\Controllers\NoteController->getNote()
#7 /home/nomena/Documents/S4/SI/tp_matiere/Matiere/system/CodeIgniter.php(497): CodeIgniter\CodeIgniter->runController()
#8 /home/nomena/Documents/S4/SI/tp_matiere/Matiere/system/CodeIgniter.php(340): CodeIgniter\CodeIgniter->handleRequest()
#9 /home/nomena/Documents/S4/SI/tp_matiere/Matiere/system/Boot.php(417): CodeIgniter\CodeIgniter->run()
#10 /home/nomena/Documents/S4/SI/tp_matiere/Matiere/system/Boot.php(68): CodeIgniter\Boot::runCodeIgniter()
#11 /home/nomena/Documents/S4/SI/tp_matiere/Matiere/public/index.php(59): CodeIgniter\Boot::bootWeb()
#12 {main}

Next CodeIgniter\Database\Exceptions\DatabaseException: Unknown database 'etudiant' in /home/nomena/Documents/S4/SI/tp_matiere/Matiere/system/Database/MySQLi/Connection.php:231
Stack trace:
#0 /home/nomena/Documents/S4/SI/tp_matiere/Matiere/system/Database/BaseConnection.php(555): CodeIgniter\Database\MySQLi\Connection->connect()
#1 /home/nomena/Documents/S4/SI/tp_matiere/Matiere/system/Database/BaseConnection.php(795): CodeIgniter\Database\BaseConnection->initialize()
#2 /home/nomena/Documents/S4/SI/tp_matiere/Matiere/system/Database/BaseBuilder.php(1649): CodeIgniter\Database\BaseConnection->query()
#3 /home/nomena/Documents/S4/SI/tp_matiere/Matiere/app/Models/NoteModel.php(43): CodeIgniter\Database\BaseBuilder->get()
#4 /home/nomena/Documents/S4/SI/tp_matiere/Matiere/app/Controllers/NoteController.php(11): App\Models\NoteModel->getNoteBySemestreByOption()
#5 /home/nomena/Documents/S4/SI/tp_matiere/Matiere/system/CodeIgniter.php(951): App\Controllers\NoteController->getNote()
#6 /home/nomena/Documents/S4/SI/tp_matiere/Matiere/system/CodeIgniter.php(497): CodeIgniter\CodeIgniter->runController()
#7 /home/nomena/Documents/S4/SI/tp_matiere/Matiere/system/CodeIgniter.php(340): CodeIgniter\CodeIgniter->handleRequest()
#8 /home/nomena/Documents/S4/SI/tp_matiere/Matiere/system/Boot.php(417): CodeIgniter\CodeIgniter->run()
#9 /home/nomena/Documents/S4/SI/tp_matiere/Matiere/system/Boot.php(68): CodeIgniter\Boot::runCodeIgniter()
#10 /home/nomena/Documents/S4/SI/tp_matiere/Matiere/public/index.php(59): CodeIgniter\Boot::bootWeb()
#11 {main}
CRITICAL - 2026-04-29 08:50:34 --> CodeIgniter\Database\Exceptions\DatabaseException: Unable to connect to the database.
Main connection [MySQLi]: Unknown database 'etudiant'
[Method: GET, Route: note/ETU0001]
in SYSTEMPATH/Database/BaseConnection.php on line 606.
 1 SYSTEMPATH/Database/BaseConnection.php(795): CodeIgniter\Database\BaseConnection->initialize()
 2 SYSTEMPATH/Database/BaseBuilder.php(1649): CodeIgniter\Database\BaseConnection->query()
 3 APPPATH/Models/NoteModel.php(43): CodeIgniter\Database\BaseBuilder->get()
 4 APPPATH/Controllers/NoteController.php(11): App\Models\NoteModel->getNoteBySemestreByOption()
 5 SYSTEMPATH/CodeIgniter.php(951): App\Controllers\NoteController->getNote()
 6 SYSTEMPATH/CodeIgniter.php(497): CodeIgniter\CodeIgniter->runController()
 7 SYSTEMPATH/CodeIgniter.php(340): CodeIgniter\CodeIgniter->handleRequest()
 8 SYSTEMPATH/Boot.php(417): CodeIgniter\CodeIgniter->run()
 9 SYSTEMPATH/Boot.php(68): CodeIgniter\Boot::runCodeIgniter()
10 FCPATH/index.php(59): CodeIgniter\Boot::bootWeb()
ERROR - 2026-04-29 08:50:57 --> Error connecting to the database: mysqli_sql_exception: Unknown database 'etudiant' in /home/nomena/Documents/S4/SI/tp_matiere/Matiere/system/Database/MySQLi/Connection.php:201
Stack trace:
#0 /home/nomena/Documents/S4/SI/tp_matiere/Matiere/system/Database/MySQLi/Connection.php(201): mysqli->real_connect()
#1 /home/nomena/Documents/S4/SI/tp_matiere/Matiere/system/Database/BaseConnection.php(555): CodeIgniter\Database\MySQLi\Connection->connect()
#2 /home/nomena/Documents/S4/SI/tp_matiere/Matiere/system/Database/BaseConnection.php(795): CodeIgniter\Database\BaseConnection->initialize()
#3 /home/nomena/Documents/S4/SI/tp_matiere/Matiere/system/Database/BaseBuilder.php(1649): CodeIgniter\Database\BaseConnection->query()
#4 /home/nomena/Documents/S4/SI/tp_matiere/Matiere/app/Models/NoteModel.php(43): CodeIgniter\Database\BaseBuilder->get()
#5 /home/nomena/Documents/S4/SI/tp_matiere/Matiere/app/Controllers/NoteController.php(11): App\Models\NoteModel->getNoteBySemestreByOption()
#6 /home/nomena/Documents/S4/SI/tp_matiere/Matiere/system/CodeIgniter.php(951): App\Controllers\NoteController->getNote()
#7 /home/nomena/Documents/S4/SI/tp_matiere/Matiere/system/CodeIgniter.php(497): CodeIgniter\CodeIgniter->runController()
#8 /home/nomena/Documents/S4/SI/tp_matiere/Matiere/system/CodeIgniter.php(340): CodeIgniter\CodeIgniter->handleRequest()
#9 /home/nomena/Documents/S4/SI/tp_matiere/Matiere/system/Boot.php(417): CodeIgniter\CodeIgniter->run()
#10 /home/nomena/Documents/S4/SI/tp_matiere/Matiere/system/Boot.php(68): CodeIgniter\Boot::runCodeIgniter()
#11 /home/nomena/Documents/S4/SI/tp_matiere/Matiere/public/index.php(59): CodeIgniter\Boot::bootWeb()
#12 {main}

Next CodeIgniter\Database\Exceptions\DatabaseException: Unknown database 'etudiant' in /home/nomena/Documents/S4/SI/tp_matiere/Matiere/system/Database/MySQLi/Connection.php:231
Stack trace:
#0 /home/nomena/Documents/S4/SI/tp_matiere/Matiere/system/Database/BaseConnection.php(555): CodeIgniter\Database\MySQLi\Connection->connect()
#1 /home/nomena/Documents/S4/SI/tp_matiere/Matiere/system/Database/BaseConnection.php(795): CodeIgniter\Database\BaseConnection->initialize()
#2 /home/nomena/Documents/S4/SI/tp_matiere/Matiere/system/Database/BaseBuilder.php(1649): CodeIgniter\Database\BaseConnection->query()
#3 /home/nomena/Documents/S4/SI/tp_matiere/Matiere/app/Models/NoteModel.php(43): CodeIgniter\Database\BaseBuilder->get()
#4 /home/nomena/Documents/S4/SI/tp_matiere/Matiere/app/Controllers/NoteController.php(11): App\Models\NoteModel->getNoteBySemestreByOption()
#5 /home/nomena/Documents/S4/SI/tp_matiere/Matiere/system/CodeIgniter.php(951): App\Controllers\NoteController->getNote()
#6 /home/nomena/Documents/S4/SI/tp_matiere/Matiere/system/CodeIgniter.php(497): CodeIgniter\CodeIgniter->runController()
#7 /home/nomena/Documents/S4/SI/tp_matiere/Matiere/system/CodeIgniter.php(340): CodeIgniter\CodeIgniter->handleRequest()
#8 /home/nomena/Documents/S4/SI/tp_matiere/Matiere/system/Boot.php(417): CodeIgniter\CodeIgniter->run()
#9 /home/nomena/Documents/S4/SI/tp_matiere/Matiere/system/Boot.php(68): CodeIgniter\Boot::runCodeIgniter()
#10 /home/nomena/Documents/S4/SI/tp_matiere/Matiere/public/index.php(59): CodeIgniter\Boot::bootWeb()
#11 {main}
CRITICAL - 2026-04-29 08:50:57 --> CodeIgniter\Database\Exceptions\DatabaseException: Unable to connect to the database.
Main connection [MySQLi]: Unknown database 'etudiant'
[Method: GET, Route: note/ETU0001]
in SYSTEMPATH/Database/BaseConnection.php on line 606.
 1 SYSTEMPATH/Database/BaseConnection.php(795): CodeIgniter\Database\BaseConnection->initialize()
 2 SYSTEMPATH/Database/BaseBuilder.php(1649): CodeIgniter\Database\BaseConnection->query()
 3 APPPATH/Models/NoteModel.php(43): CodeIgniter\Database\BaseBuilder->get()
 4 APPPATH/Controllers/NoteController.php(11): App\Models\NoteModel->getNoteBySemestreByOption()
 5 SYSTEMPATH/CodeIgniter.php(951): App\Controllers\NoteController->getNote()
 6 SYSTEMPATH/CodeIgniter.php(497): CodeIgniter\CodeIgniter->runController()
 7 SYSTEMPATH/CodeIgniter.php(340): CodeIgniter\CodeIgniter->handleRequest()
 8 SYSTEMPATH/Boot.php(417): CodeIgniter\CodeIgniter->run()
 9 SYSTEMPATH/Boot.php(68): CodeIgniter\Boot::runCodeIgniter()
10 FCPATH/index.php(59): CodeIgniter\Boot::bootWeb()
ERROR - 2026-04-29 08:50:58 --> Error connecting to the database: mysqli_sql_exception: Unknown database 'etudiant' in /home/nomena/Documents/S4/SI/tp_matiere/Matiere/system/Database/MySQLi/Connection.php:201
Stack trace:
#0 /home/nomena/Documents/S4/SI/tp_matiere/Matiere/system/Database/MySQLi/Connection.php(201): mysqli->real_connect()
#1 /home/nomena/Documents/S4/SI/tp_matiere/Matiere/system/Database/BaseConnection.php(555): CodeIgniter\Database\MySQLi\Connection->connect()
#2 /home/nomena/Documents/S4/SI/tp_matiere/Matiere/system/Database/BaseConnection.php(795): CodeIgniter\Database\BaseConnection->initialize()
#3 /home/nomena/Documents/S4/SI/tp_matiere/Matiere/system/Database/BaseBuilder.php(1649): CodeIgniter\Database\BaseConnection->query()
#4 /home/nomena/Documents/S4/SI/tp_matiere/Matiere/app/Models/NoteModel.php(43): CodeIgniter\Database\BaseBuilder->get()
#5 /home/nomena/Documents/S4/SI/tp_matiere/Matiere/app/Controllers/NoteController.php(11): App\Models\NoteModel->getNoteBySemestreByOption()
#6 /home/nomena/Documents/S4/SI/tp_matiere/Matiere/system/CodeIgniter.php(951): App\Controllers\NoteController->getNote()
#7 /home/nomena/Documents/S4/SI/tp_matiere/Matiere/system/CodeIgniter.php(497): CodeIgniter\CodeIgniter->runController()
#8 /home/nomena/Documents/S4/SI/tp_matiere/Matiere/system/CodeIgniter.php(340): CodeIgniter\CodeIgniter->handleRequest()
#9 /home/nomena/Documents/S4/SI/tp_matiere/Matiere/system/Boot.php(417): CodeIgniter\CodeIgniter->run()
#10 /home/nomena/Documents/S4/SI/tp_matiere/Matiere/system/Boot.php(68): CodeIgniter\Boot::runCodeIgniter()
#11 /home/nomena/Documents/S4/SI/tp_matiere/Matiere/public/index.php(59): CodeIgniter\Boot::bootWeb()
#12 {main}

Next CodeIgniter\Database\Exceptions\DatabaseException: Unknown database 'etudiant' in /home/nomena/Documents/S4/SI/tp_matiere/Matiere/system/Database/MySQLi/Connection.php:231
Stack trace:
#0 /home/nomena/Documents/S4/SI/tp_matiere/Matiere/system/Database/BaseConnection.php(555): CodeIgniter\Database\MySQLi\Connection->connect()
#1 /home/nomena/Documents/S4/SI/tp_matiere/Matiere/system/Database/BaseConnection.php(795): CodeIgniter\Database\BaseConnection->initialize()
#2 /home/nomena/Documents/S4/SI/tp_matiere/Matiere/system/Database/BaseBuilder.php(1649): CodeIgniter\Database\BaseConnection->query()
#3 /home/nomena/Documents/S4/SI/tp_matiere/Matiere/app/Models/NoteModel.php(43): CodeIgniter\Database\BaseBuilder->get()
#4 /home/nomena/Documents/S4/SI/tp_matiere/Matiere/app/Controllers/NoteController.php(11): App\Models\NoteModel->getNoteBySemestreByOption()
#5 /home/nomena/Documents/S4/SI/tp_matiere/Matiere/system/CodeIgniter.php(951): App\Controllers\NoteController->getNote()
#6 /home/nomena/Documents/S4/SI/tp_matiere/Matiere/system/CodeIgniter.php(497): CodeIgniter\CodeIgniter->runController()
#7 /home/nomena/Documents/S4/SI/tp_matiere/Matiere/system/CodeIgniter.php(340): CodeIgniter\CodeIgniter->handleRequest()
#8 /home/nomena/Documents/S4/SI/tp_matiere/Matiere/system/Boot.php(417): CodeIgniter\CodeIgniter->run()
#9 /home/nomena/Documents/S4/SI/tp_matiere/Matiere/system/Boot.php(68): CodeIgniter\Boot::runCodeIgniter()
#10 /home/nomena/Documents/S4/SI/tp_matiere/Matiere/public/index.php(59): CodeIgniter\Boot::bootWeb()
#11 {main}
CRITICAL - 2026-04-29 08:50:58 --> CodeIgniter\Database\Exceptions\DatabaseException: Unable to connect to the database.
Main connection [MySQLi]: Unknown database 'etudiant'
[Method: GET, Route: note/ETU0001]
in SYSTEMPATH/Database/BaseConnection.php on line 606.
 1 SYSTEMPATH/Database/BaseConnection.php(795): CodeIgniter\Database\BaseConnection->initialize()
 2 SYSTEMPATH/Database/BaseBuilder.php(1649): CodeIgniter\Database\BaseConnection->query()
 3 APPPATH/Models/NoteModel.php(43): CodeIgniter\Database\BaseBuilder->get()
 4 APPPATH/Controllers/NoteController.php(11): App\Models\NoteModel->getNoteBySemestreByOption()
 5 SYSTEMPATH/CodeIgniter.php(951): App\Controllers\NoteController->getNote()
 6 SYSTEMPATH/CodeIgniter.php(497): CodeIgniter\CodeIgniter->runController()
 7 SYSTEMPATH/CodeIgniter.php(340): CodeIgniter\CodeIgniter->handleRequest()
 8 SYSTEMPATH/Boot.php(417): CodeIgniter\CodeIgniter->run()
 9 SYSTEMPATH/Boot.php(68): CodeIgniter\Boot::runCodeIgniter()
10 FCPATH/index.php(59): CodeIgniter\Boot::bootWeb()
